[('/book/87/23442194.html', '平历史')]
https://www.jupindai.com/book/87/23442194.html 平历史
 第1290章 平历史 
[('/book/87/23518545.html', '桃花宴真意')]
https://www.jupindai.com/book/87/23518545.html 桃花宴真意
 第1291章 桃花宴真意 
[('/book/87/23675974.html', '杀念')]
https://www.jupindai.com/book/87/23675974.html 杀念
 第1292章 杀念 
[('/book/87/23854325.html', '联手')]
https://www.jupindai.com/book/87/23854325.html 联手
 第1293章 联手 
[('/book/87/23974066.html', '大战刑开')]
https://www.jupindai.com/book/87/23974066.html 大战刑开
 第1294章 大战刑开 
第 1295 章还未更新！
第 1295 章还未更新！
第 1295 章还未更新！
第 1295 章还未更新！
第 1295 章还未更新！
